{"C:\\Calidad\\Proyecto final\\src\\App.tsx": {"path":"C:\\Calidad\\Proyecto final\\src\\App.tsx","statementMap":{"0":{"start":{"line":1,"column":0},"end":{"line":1,"column":49}},"1":{"start":{"line":2,"column":0},"end":{"line":2,"column":43}},"2":{"start":{"line":5,"column":2},"end":{"line":9,"column":4}},"3":{"start":{"line":12,"column":0},"end":{"line":12,"column":19}}},"fnMap":{"0":{"name":"App","decl":{"start":{"line":4,"column":9},"end":{"line":4,"column":12}},"loc":{"start":{"line":4,"column":12},"end":{"line":10,"column":1}}}},"branchMap":{},"s":{"0":1,"1":1,"2":1,"3":1},"f":{"0":1},"b":{}}
,"C:\\Calidad\\Proyecto final\\src\\components\\ClickCounter.tsx": {"path":"C:\\Calidad\\Proyecto final\\src\\components\\ClickCounter.tsx","statementMap":{"0":{"start":{"line":3,"column":0},"end":{"line":3,"column":24}},"1":{"start":{"line":1,"column":0},"end":{"line":1,"column":44}},"2":{"start":{"line":4,"column":28},"end":{"line":7,"column":4}},"3":{"start":{"line":5,"column":23},"end":{"line":5,"column":60}},"4":{"start":{"line":6,"column":4},"end":{"line":6,"column":53}},"5":{"start":{"line":9,"column":2},"end":{"line":11,"column":14}},"6":{"start":{"line":10,"column":4},"end":{"line":10,"column":60}},"7":{"start":{"line":13,"column":2},"end":{"line":24,"column":4}},"8":{"start":{"line":18,"column":23},"end":{"line":18,"column":49}},"9":{"start":{"line":18,"column":40},"end":{"line":18,"column":48}}},"fnMap":{"0":{"name":"ClickCounter","decl":{"start":{"line":3,"column":24},"end":{"line":3,"column":36}},"loc":{"start":{"line":3,"column":36},"end":{"line":25,"column":1}}},"1":{"name":"(anonymous_1)","decl":{"start":{"line":4,"column":37},"end":{"line":4,"column":40}},"loc":{"start":{"line":4,"column":42},"end":{"line":7,"column":3}}},"2":{"name":"(anonymous_2)","decl":{"start":{"line":9,"column":12},"end":{"line":9,"column":15}},"loc":{"start":{"line":9,"column":17},"end":{"line":11,"column":3}}},"3":{"name":"(anonymous_3)","decl":{"start":{"line":18,"column":17},"end":{"line":18,"column":20}},"loc":{"start":{"line":18,"column":23},"end":{"line":18,"column":49}}},"4":{"name":"(anonymous_4)","decl":{"start":{"line":18,"column":32},"end":{"line":18,"column":36}},"loc":{"start":{"line":18,"column":40},"end":{"line":18,"column":48}}}},"branchMap":{"0":{"loc":{"start":{"line":6,"column":11},"end":{"line":6,"column":52}},"type":"cond-expr","locations":[{"start":{"line":6,"column":24},"end":{"line":6,"column":48}},{"start":{"line":6,"column":51},"end":{"line":6,"column":52}}]}},"s":{"0":2,"1":2,"2":2,"3":1,"4":1,"5":2,"6":2,"7":2,"8":1,"9":1},"f":{"0":2,"1":1,"2":2,"3":1,"4":1},"b":{"0":[1,0]}}
,"C:\\Calidad\\Proyecto final\\src\\components\\Content.tsx": {"path":"C:\\Calidad\\Proyecto final\\src\\components\\Content.tsx","statementMap":{"0":{"start":{"line":3,"column":0},"end":{"line":3,"column":24}},"1":{"start":{"line":1,"column":0},"end":{"line":1,"column":42}},"2":{"start":{"line":4,"column":2},"end":{"line":9,"column":4}}},"fnMap":{"0":{"name":"Content","decl":{"start":{"line":3,"column":24},"end":{"line":3,"column":31}},"loc":{"start":{"line":3,"column":31},"end":{"line":10,"column":1}}}},"branchMap":{},"s":{"0":0,"1":0,"2":0},"f":{"0":0},"b":{}}
,"C:\\Calidad\\Proyecto final\\src\\components\\Layout.tsx": {"path":"C:\\Calidad\\Proyecto final\\src\\components\\Layout.tsx","statementMap":{"0":{"start":{"line":5,"column":0},"end":{"line":5,"column":24}},"1":{"start":{"line":1,"column":0},"end":{"line":1,"column":42}},"2":{"start":{"line":2,"column":0},"end":{"line":2,"column":32}},"3":{"start":{"line":3,"column":0},"end":{"line":3,"column":30}},"4":{"start":{"line":6,"column":2},"end":{"line":22,"column":4}}},"fnMap":{"0":{"name":"Layout","decl":{"start":{"line":5,"column":24},"end":{"line":5,"column":30}},"loc":{"start":{"line":5,"column":30},"end":{"line":23,"column":1}}}},"branchMap":{},"s":{"0":1,"1":1,"2":1,"3":1,"4":1},"f":{"0":1},"b":{}}
,"C:\\Calidad\\Proyecto final\\src\\components\\MultiplicationTable.tsx": {"path":"C:\\Calidad\\Proyecto final\\src\\components\\MultiplicationTable.tsx","statementMap":{"0":{"start":{"line":4,"column":0},"end":{"line":4,"column":24}},"1":{"start":{"line":2,"column":0},"end":{"line":2,"column":33}},"2":{"start":{"line":5,"column":30},"end":{"line":5,"column":59}},"3":{"start":{"line":6,"column":28},"end":{"line":6,"column":50}},"4":{"start":{"line":8,"column":24},"end":{"line":13,"column":3}},"5":{"start":{"line":9,"column":4},"end":{"line":9,"column":49}},"6":{"start":{"line":9,"column":42},"end":{"line":9,"column":49}},"7":{"start":{"line":10,"column":19},"end":{"line":10,"column":73}},"8":{"start":{"line":10,"column":56},"end":{"line":10,"column":72}},"9":{"start":{"line":11,"column":4},"end":{"line":11,"column":24}},"10":{"start":{"line":12,"column":4},"end":{"line":12,"column":21}},"11":{"start":{"line":15,"column":2},"end":{"line":48,"column":4}},"12":{"start":{"line":25,"column":27},"end":{"line":25,"column":62}},"13":{"start":{"line":40,"column":14},"end":{"line":40,"column":30}}},"fnMap":{"0":{"name":"MultiplicationTable","decl":{"start":{"line":4,"column":24},"end":{"line":4,"column":43}},"loc":{"start":{"line":4,"column":43},"end":{"line":49,"column":1}}},"1":{"name":"(anonymous_1)","decl":{"start":{"line":8,"column":24},"end":{"line":8,"column":27}},"loc":{"start":{"line":8,"column":29},"end":{"line":13,"column":3}}},"2":{"name":"(anonymous_2)","decl":{"start":{"line":10,"column":46},"end":{"line":10,"column":47}},"loc":{"start":{"line":10,"column":56},"end":{"line":10,"column":72}}},"3":{"name":"(anonymous_3)","decl":{"start":{"line":25,"column":20},"end":{"line":25,"column":21}},"loc":{"start":{"line":25,"column":27},"end":{"line":25,"column":62}}},"4":{"name":"(anonymous_4)","decl":{"start":{"line":39,"column":23},"end":{"line":39,"column":24}},"loc":{"start":{"line":40,"column":14},"end":{"line":40,"column":30}}}},"branchMap":{"0":{"loc":{"start":{"line":9,"column":4},"end":{"line":9,"column":49}},"type":"if","locations":[{"start":{"line":9,"column":4},"end":{"line":9,"column":49}},{"start":{},"end":{}}]},"1":{"loc":{"start":{"line":9,"column":8},"end":{"line":9,"column":40}},"type":"binary-expr","locations":[{"start":{"line":9,"column":8},"end":{"line":9,"column":23}},{"start":{"line":9,"column":27},"end":{"line":9,"column":40}}]},"2":{"loc":{"start":{"line":24,"column":17},"end":{"line":24,"column":29}},"type":"binary-expr","locations":[{"start":{"line":24,"column":17},"end":{"line":24,"column":23}},{"start":{"line":24,"column":27},"end":{"line":24,"column":29}}]},"3":{"loc":{"start":{"line":35,"column":7},"end":{"line":45,"column":null}},"type":"binary-expr","locations":[{"start":{"line":35,"column":7},"end":{"line":35,"column":23}},{"start":{"line":36,"column":8},"end":{"line":44,"column":null}}]}},"s":{"0":2,"1":2,"2":4,"3":4,"4":4,"5":2,"6":1,"7":1,"8":10,"9":1,"10":1,"11":4,"12":1,"13":10},"f":{"0":4,"1":2,"2":10,"3":1,"4":10},"b":{"0":[1,1],"1":[2,1],"2":[4,2],"3":[4,1]}}
,"C:\\Calidad\\Proyecto final\\src\\components\\Navbar.tsx": {"path":"C:\\Calidad\\Proyecto final\\src\\components\\Navbar.tsx","statementMap":{"0":{"start":{"line":2,"column":0},"end":{"line":2,"column":41}},"1":{"start":{"line":4,"column":25},"end":{"line":49,"column":1}},"2":{"start":{"line":6,"column":2},"end":{"line":15,"column":9}},"3":{"start":{"line":7,"column":17},"end":{"line":7,"column":41}},"4":{"start":{"line":8,"column":18},"end":{"line":8,"column":47}},"5":{"start":{"line":10,"column":4},"end":{"line":14,"column":5}},"6":{"start":{"line":11,"column":6},"end":{"line":11,"column":54}},"7":{"start":{"line":12,"column":11},"end":{"line":14,"column":5}},"8":{"start":{"line":13,"column":6},"end":{"line":13,"column":33}},"9":{"start":{"line":17,"column":22},"end":{"line":23,"column":3}},"10":{"start":{"line":18,"column":17},"end":{"line":18,"column":41}},"11":{"start":{"line":19,"column":17},"end":{"line":19,"column":65}},"12":{"start":{"line":20,"column":4},"end":{"line":20,"column":40}},"13":{"start":{"line":22,"column":4},"end":{"line":22,"column":90}},"14":{"start":{"line":25,"column":2},"end":{"line":48,"column":4}},"15":{"start":{"line":51,"column":0},"end":{"line":51,"column":22}}},"fnMap":{"0":{"name":"(anonymous_0)","decl":{"start":{"line":4,"column":25},"end":{"line":4,"column":28}},"loc":{"start":{"line":4,"column":30},"end":{"line":49,"column":1}}},"1":{"name":"(anonymous_1)","decl":{"start":{"line":6,"column":12},"end":{"line":6,"column":15}},"loc":{"start":{"line":6,"column":17},"end":{"line":15,"column":3}}},"2":{"name":"(anonymous_2)","decl":{"start":{"line":17,"column":22},"end":{"line":17,"column":25}},"loc":{"start":{"line":17,"column":27},"end":{"line":23,"column":3}}}},"branchMap":{"0":{"loc":{"start":{"line":10,"column":4},"end":{"line":14,"column":5}},"type":"if","locations":[{"start":{"line":10,"column":4},"end":{"line":14,"column":5}},{"start":{"line":12,"column":11},"end":{"line":14,"column":5}}]},"1":{"loc":{"start":{"line":12,"column":11},"end":{"line":14,"column":5}},"type":"if","locations":[{"start":{"line":12,"column":11},"end":{"line":14,"column":5}},{"start":{},"end":{}}]},"2":{"loc":{"start":{"line":19,"column":17},"end":{"line":19,"column":65}},"type":"cond-expr","locations":[{"start":{"line":19,"column":49},"end":{"line":19,"column":55}},{"start":{"line":19,"column":58},"end":{"line":19,"column":65}}]}},"s":{"0":2,"1":2,"2":3,"3":3,"4":3,"5":3,"6":0,"7":3,"8":0,"9":3,"10":0,"11":0,"12":0,"13":0,"14":3,"15":2},"f":{"0":3,"1":3,"2":0},"b":{"0":[0,3],"1":[0,3],"2":[0,0]}}
,"C:\\Calidad\\Proyecto final\\src\\components\\PasswordValidator.tsx": {"path":"C:\\Calidad\\Proyecto final\\src\\components\\PasswordValidator.tsx","statementMap":{"0":{"start":{"line":3,"column":0},"end":{"line":3,"column":24}},"1":{"start":{"line":1,"column":0},"end":{"line":1,"column":33}},"2":{"start":{"line":4,"column":34},"end":{"line":4,"column":46}},"3":{"start":{"line":7,"column":16},"end":{"line":20,"column":4}},"4":{"start":{"line":10,"column":29},"end":{"line":10,"column":44}},"5":{"start":{"line":14,"column":29},"end":{"line":14,"column":43}},"6":{"start":{"line":18,"column":29},"end":{"line":18,"column":46}},"7":{"start":{"line":22,"column":2},"end":{"line":59,"column":4}},"8":{"start":{"line":33,"column":29},"end":{"line":33,"column":56}},"9":{"start":{"line":42,"column":28},"end":{"line":42,"column":47}},"10":{"start":{"line":43,"column":14},"end":{"line":43,"column":33}},"11":{"start":{"line":44,"column":14},"end":{"line":53,"column":16}}},"fnMap":{"0":{"name":"PasswordValidator","decl":{"start":{"line":3,"column":24},"end":{"line":3,"column":41}},"loc":{"start":{"line":3,"column":41},"end":{"line":60,"column":1}}},"1":{"name":"(anonymous_1)","decl":{"start":{"line":10,"column":12},"end":{"line":10,"column":13}},"loc":{"start":{"line":10,"column":29},"end":{"line":10,"column":44}}},"2":{"name":"(anonymous_2)","decl":{"start":{"line":14,"column":12},"end":{"line":14,"column":13}},"loc":{"start":{"line":14,"column":29},"end":{"line":14,"column":43}}},"3":{"name":"(anonymous_3)","decl":{"start":{"line":18,"column":12},"end":{"line":18,"column":13}},"loc":{"start":{"line":18,"column":29},"end":{"line":18,"column":46}}},"4":{"name":"(anonymous_4)","decl":{"start":{"line":33,"column":22},"end":{"line":33,"column":23}},"loc":{"start":{"line":33,"column":29},"end":{"line":33,"column":56}}},"5":{"name":"(anonymous_5)","decl":{"start":{"line":41,"column":23},"end":{"line":41,"column":24}},"loc":{"start":{"line":41,"column":39},"end":{"line":54,"column":13}}}},"branchMap":{"0":{"loc":{"start":{"line":48,"column":20},"end":{"line":48,"column":null}},"type":"cond-expr","locations":[{"start":{"line":48,"column":28},"end":{"line":48,"column":44}},{"start":{"line":48,"column":47},"end":{"line":48,"column":null}}]},"1":{"loc":{"start":{"line":51,"column":19},"end":{"line":51,"column":37}},"type":"cond-expr","locations":[{"start":{"line":51,"column":27},"end":{"line":51,"column":31}},{"start":{"line":51,"column":34},"end":{"line":51,"column":37}}]}},"s":{"0":2,"1":2,"2":5,"3":5,"4":5,"5":5,"6":5,"7":5,"8":2,"9":15,"10":15,"11":15},"f":{"0":5,"1":5,"2":5,"3":5,"4":2,"5":15},"b":{"0":[5,10],"1":[5,10]}}
,"C:\\Calidad\\Proyecto final\\src\\components\\Sidebar.tsx": {"path":"C:\\Calidad\\Proyecto final\\src\\components\\Sidebar.tsx","statementMap":{"0":{"start":{"line":65,"column":0},"end":{"line":65,"column":24}},"1":{"start":{"line":1,"column":0},"end":{"line":1,"column":33}},"2":{"start":{"line":2,"column":0},"end":{"line":2,"column":43}},"3":{"start":{"line":3,"column":0},"end":{"line":3,"column":null}},"4":{"start":{"line":20,"column":33},"end":{"line":22,"column":2}},"5":{"start":{"line":24,"column":37},"end":{"line":40,"column":2}},"6":{"start":{"line":42,"column":34},"end":{"line":63,"column":2}},"7":{"start":{"line":66,"column":34},"end":{"line":66,"column":48}},"8":{"start":{"line":67,"column":42},"end":{"line":67,"column":56}},"9":{"start":{"line":68,"column":36},"end":{"line":68,"column":51}},"10":{"start":{"line":70,"column":24},"end":{"line":87,"column":null}},"11":{"start":{"line":71,"column":4},"end":{"line":72,"column":null}},"12":{"start":{"line":75,"column":8},"end":{"line":81,"column":11}},"13":{"start":{"line":90,"column":2},"end":{"line":141,"column":4}},"14":{"start":{"line":100,"column":25},"end":{"line":100,"column":47}},"15":{"start":{"line":114,"column":25},"end":{"line":114,"column":55}},"16":{"start":{"line":128,"column":25},"end":{"line":128,"column":49}}},"fnMap":{"0":{"name":"Sidebar","decl":{"start":{"line":65,"column":24},"end":{"line":65,"column":31}},"loc":{"start":{"line":65,"column":31},"end":{"line":142,"column":1}}},"1":{"name":"(anonymous_1)","decl":{"start":{"line":70,"column":24},"end":{"line":70,"column":25}},"loc":{"start":{"line":71,"column":4},"end":{"line":72,"column":null}}},"2":{"name":"(anonymous_2)","decl":{"start":{"line":74,"column":17},"end":{"line":74,"column":18}},"loc":{"start":{"line":75,"column":8},"end":{"line":81,"column":11}}},"3":{"name":"(anonymous_3)","decl":{"start":{"line":100,"column":19},"end":{"line":100,"column":22}},"loc":{"start":{"line":100,"column":25},"end":{"line":100,"column":47}}},"4":{"name":"(anonymous_4)","decl":{"start":{"line":114,"column":19},"end":{"line":114,"column":22}},"loc":{"start":{"line":114,"column":25},"end":{"line":114,"column":55}}},"5":{"name":"(anonymous_5)","decl":{"start":{"line":128,"column":19},"end":{"line":128,"column":22}},"loc":{"start":{"line":128,"column":25},"end":{"line":128,"column":49}}}},"branchMap":{"0":{"loc":{"start":{"line":78,"column":11},"end":{"line":80,"column":null}},"type":"cond-expr","locations":[{"start":{"line":79,"column":15},"end":{"line":79,"column":92}},{"start":{"line":80,"column":15},"end":{"line":80,"column":null}}]},"1":{"loc":{"start":{"line":106,"column":17},"end":{"line":106,"column":37}},"type":"cond-expr","locations":[{"start":{"line":106,"column":28},"end":{"line":106,"column":31}},{"start":{"line":106,"column":34},"end":{"line":106,"column":37}}]},"2":{"loc":{"start":{"line":108,"column":9},"end":{"line":109,"column":null}},"type":"binary-expr","locations":[{"start":{"line":108,"column":9},"end":{"line":108,"column":17}},{"start":{"line":109,"column":10},"end":{"line":109,"column":78}}]},"3":{"loc":{"start":{"line":120,"column":17},"end":{"line":120,"column":41}},"type":"cond-expr","locations":[{"start":{"line":120,"column":32},"end":{"line":120,"column":35}},{"start":{"line":120,"column":38},"end":{"line":120,"column":41}}]},"4":{"loc":{"start":{"line":122,"column":9},"end":{"line":123,"column":null}},"type":"binary-expr","locations":[{"start":{"line":122,"column":9},"end":{"line":122,"column":21}},{"start":{"line":123,"column":10},"end":{"line":123,"column":82}}]},"5":{"loc":{"start":{"line":134,"column":17},"end":{"line":134,"column":38}},"type":"cond-expr","locations":[{"start":{"line":134,"column":29},"end":{"line":134,"column":32}},{"start":{"line":134,"column":35},"end":{"line":134,"column":38}}]},"6":{"loc":{"start":{"line":136,"column":9},"end":{"line":137,"column":null}},"type":"binary-expr","locations":[{"start":{"line":136,"column":9},"end":{"line":136,"column":18}},{"start":{"line":137,"column":10},"end":{"line":137,"column":79}}]}},"s":{"0":1,"1":1,"2":1,"3":1,"4":1,"5":1,"6":1,"7":1,"8":1,"9":1,"10":1,"11":4,"12":4,"13":1,"14":0,"15":0,"16":0},"f":{"0":1,"1":4,"2":4,"3":0,"4":0,"5":0},"b":{"0":[1,3],"1":[1,0],"2":[1,1],"3":[1,0],"4":[1,1],"5":[0,1],"6":[1,0]}}
,"C:\\Calidad\\Proyecto final\\src\\components\\TodoList.tsx": {"path":"C:\\Calidad\\Proyecto final\\src\\components\\TodoList.tsx","statementMap":{"0":{"start":{"line":3,"column":0},"end":{"line":3,"column":24}},"1":{"start":{"line":1,"column":0},"end":{"line":1,"column":33}},"2":{"start":{"line":4,"column":28},"end":{"line":4,"column":50}},"3":{"start":{"line":5,"column":32},"end":{"line":5,"column":44}},"4":{"start":{"line":7,"column":24},"end":{"line":11,"column":3}},"5":{"start":{"line":8,"column":4},"end":{"line":8,"column":38}},"6":{"start":{"line":8,"column":31},"end":{"line":8,"column":38}},"7":{"start":{"line":9,"column":4},"end":{"line":9,"column":50}},"8":{"start":{"line":9,"column":23},"end":{"line":9,"column":48}},"9":{"start":{"line":10,"column":4},"end":{"line":10,"column":19}},"10":{"start":{"line":13,"column":27},"end":{"line":15,"column":3}},"11":{"start":{"line":14,"column":4},"end":{"line":14,"column":59}},"12":{"start":{"line":14,"column":23},"end":{"line":14,"column":57}},"13":{"start":{"line":14,"column":45},"end":{"line":14,"column":56}},"14":{"start":{"line":17,"column":2},"end":{"line":54,"column":4}},"15":{"start":{"line":25,"column":27},"end":{"line":25,"column":53}},"16":{"start":{"line":39,"column":10},"end":{"line":40,"column":null}},"17":{"start":{"line":45,"column":29},"end":{"line":45,"column":52}}},"fnMap":{"0":{"name":"TodoList","decl":{"start":{"line":3,"column":24},"end":{"line":3,"column":32}},"loc":{"start":{"line":3,"column":32},"end":{"line":55,"column":1}}},"1":{"name":"(anonymous_1)","decl":{"start":{"line":7,"column":24},"end":{"line":7,"column":27}},"loc":{"start":{"line":7,"column":29},"end":{"line":11,"column":3}}},"2":{"name":"(anonymous_2)","decl":{"start":{"line":9,"column":13},"end":{"line":9,"column":14}},"loc":{"start":{"line":9,"column":23},"end":{"line":9,"column":48}}},"3":{"name":"(anonymous_3)","decl":{"start":{"line":13,"column":27},"end":{"line":13,"column":28}},"loc":{"start":{"line":13,"column":45},"end":{"line":15,"column":3}}},"4":{"name":"(anonymous_4)","decl":{"start":{"line":14,"column":13},"end":{"line":14,"column":14}},"loc":{"start":{"line":14,"column":23},"end":{"line":14,"column":57}}},"5":{"name":"(anonymous_5)","decl":{"start":{"line":14,"column":35},"end":{"line":14,"column":36}},"loc":{"start":{"line":14,"column":45},"end":{"line":14,"column":56}}},"6":{"name":"(anonymous_6)","decl":{"start":{"line":25,"column":20},"end":{"line":25,"column":21}},"loc":{"start":{"line":25,"column":27},"end":{"line":25,"column":53}}},"7":{"name":"(anonymous_7)","decl":{"start":{"line":38,"column":19},"end":{"line":38,"column":20}},"loc":{"start":{"line":39,"column":10},"end":{"line":40,"column":null}}},"8":{"name":"(anonymous_8)","decl":{"start":{"line":45,"column":23},"end":{"line":45,"column":26}},"loc":{"start":{"line":45,"column":29},"end":{"line":45,"column":52}}}},"branchMap":{"0":{"loc":{"start":{"line":8,"column":4},"end":{"line":8,"column":38}},"type":"if","locations":[{"start":{"line":8,"column":4},"end":{"line":8,"column":38}},{"start":{},"end":{}}]}},"s":{"0":2,"1":2,"2":16,"3":16,"4":16,"5":6,"6":1,"7":5,"8":5,"9":5,"10":16,"11":2,"12":2,"13":4,"14":16,"15":5,"16":13,"17":2},"f":{"0":16,"1":6,"2":5,"3":2,"4":2,"5":4,"6":5,"7":13,"8":2},"b":{"0":[1,5]}}
,"C:\\Calidad\\Proyecto final\\src\\components\\UnitConverter.tsx": {"path":"C:\\Calidad\\Proyecto final\\src\\components\\UnitConverter.tsx","statementMap":{"0":{"start":{"line":3,"column":0},"end":{"line":3,"column":24}},"1":{"start":{"line":1,"column":0},"end":{"line":1,"column":33}},"2":{"start":{"line":4,"column":32},"end":{"line":4,"column":61}},"3":{"start":{"line":5,"column":38},"end":{"line":5,"column":67}},"4":{"start":{"line":7,"column":24},"end":{"line":11,"column":3}},"5":{"start":{"line":8,"column":4},"end":{"line":8,"column":51}},"6":{"start":{"line":8,"column":44},"end":{"line":8,"column":51}},"7":{"start":{"line":9,"column":19},"end":{"line":9,"column":41}},"8":{"start":{"line":10,"column":4},"end":{"line":10,"column":26}},"9":{"start":{"line":13,"column":2},"end":{"line":48,"column":4}},"10":{"start":{"line":26,"column":29},"end":{"line":26,"column":67}}},"fnMap":{"0":{"name":"UnitConverter","decl":{"start":{"line":3,"column":24},"end":{"line":3,"column":37}},"loc":{"start":{"line":3,"column":37},"end":{"line":49,"column":1}}},"1":{"name":"(anonymous_1)","decl":{"start":{"line":7,"column":24},"end":{"line":7,"column":27}},"loc":{"start":{"line":7,"column":29},"end":{"line":11,"column":3}}},"2":{"name":"(anonymous_2)","decl":{"start":{"line":26,"column":22},"end":{"line":26,"column":23}},"loc":{"start":{"line":26,"column":29},"end":{"line":26,"column":67}}}},"branchMap":{"0":{"loc":{"start":{"line":8,"column":4},"end":{"line":8,"column":51}},"type":"if","locations":[{"start":{"line":8,"column":4},"end":{"line":8,"column":51}},{"start":{},"end":{}}]},"1":{"loc":{"start":{"line":8,"column":8},"end":{"line":8,"column":42}},"type":"binary-expr","locations":[{"start":{"line":8,"column":8},"end":{"line":8,"column":24}},{"start":{"line":8,"column":28},"end":{"line":8,"column":42}}]},"2":{"loc":{"start":{"line":25,"column":19},"end":{"line":25,"column":32}},"type":"binary-expr","locations":[{"start":{"line":25,"column":19},"end":{"line":25,"column":26}},{"start":{"line":25,"column":30},"end":{"line":25,"column":32}}]},"3":{"loc":{"start":{"line":42,"column":19},"end":{"line":42,"column":67}},"type":"cond-expr","locations":[{"start":{"line":42,"column":41},"end":{"line":42,"column":62}},{"start":{"line":42,"column":65},"end":{"line":42,"column":67}}]}},"s":{"0":2,"1":2,"2":4,"3":4,"4":4,"5":1,"6":0,"7":1,"8":1,"9":4,"10":1},"f":{"0":4,"1":1,"2":1},"b":{"0":[0,1],"1":[1,1],"2":[4,2],"3":[1,3]}}
,"C:\\Calidad\\Proyecto final\\src\\routes\\AppRoutes.tsx": {"path":"C:\\Calidad\\Proyecto final\\src\\routes\\AppRoutes.tsx","statementMap":{"0":{"start":{"line":17,"column":0},"end":{"line":17,"column":24}},"1":{"start":{"line":1,"column":0},"end":{"line":1,"column":49}},"2":{"start":{"line":2,"column":0},"end":{"line":2,"column":42}},"3":{"start":{"line":5,"column":0},"end":{"line":5,"column":41}},"4":{"start":{"line":6,"column":0},"end":{"line":6,"column":51}},"5":{"start":{"line":7,"column":0},"end":{"line":7,"column":47}},"6":{"start":{"line":8,"column":0},"end":{"line":8,"column":53}},"7":{"start":{"line":9,"column":0},"end":{"line":9,"column":57}},"8":{"start":{"line":10,"column":0},"end":{"line":10,"column":49}},"9":{"start":{"line":11,"column":0},"end":{"line":11,"column":43}},"10":{"start":{"line":12,"column":0},"end":{"line":12,"column":51}},"11":{"start":{"line":13,"column":0},"end":{"line":13,"column":55}},"12":{"start":{"line":14,"column":0},"end":{"line":14,"column":51}},"13":{"start":{"line":15,"column":0},"end":{"line":15,"column":47}},"14":{"start":{"line":18,"column":2},"end":{"line":34,"column":4}}},"fnMap":{"0":{"name":"AppRoutes","decl":{"start":{"line":17,"column":24},"end":{"line":17,"column":33}},"loc":{"start":{"line":17,"column":33},"end":{"line":35,"column":1}}}},"branchMap":{},"s":{"0":1,"1":1,"2":1,"3":1,"4":1,"5":1,"6":1,"7":1,"8":1,"9":1,"10":1,"11":1,"12":1,"13":1,"14":1},"f":{"0":1},"b":{}}
,"C:\\Calidad\\Proyecto final\\src\\views\\ContadorClics.tsx": {"path":"C:\\Calidad\\Proyecto final\\src\\views\\ContadorClics.tsx","statementMap":{"0":{"start":{"line":2,"column":0},"end":{"line":2,"column":24}},"1":{"start":{"line":1,"column":0},"end":{"line":1,"column":54}},"2":{"start":{"line":3,"column":2},"end":{"line":13,"column":4}}},"fnMap":{"0":{"name":"ContadorClics","decl":{"start":{"line":2,"column":24},"end":{"line":2,"column":37}},"loc":{"start":{"line":2,"column":37},"end":{"line":14,"column":1}}}},"branchMap":{},"s":{"0":1,"1":1,"2":0},"f":{"0":0},"b":{}}
,"C:\\Calidad\\Proyecto final\\src\\views\\ConversorUnid.tsx": {"path":"C:\\Calidad\\Proyecto final\\src\\views\\ConversorUnid.tsx","statementMap":{"0":{"start":{"line":2,"column":0},"end":{"line":2,"column":24}},"1":{"start":{"line":1,"column":0},"end":{"line":1,"column":56}},"2":{"start":{"line":3,"column":2},"end":{"line":11,"column":4}}},"fnMap":{"0":{"name":"ConversorUnid","decl":{"start":{"line":2,"column":24},"end":{"line":2,"column":37}},"loc":{"start":{"line":2,"column":37},"end":{"line":12,"column":1}}}},"branchMap":{},"s":{"0":1,"1":1,"2":0},"f":{"0":0},"b":{}}
,"C:\\Calidad\\Proyecto final\\src\\views\\GeometryExplorer.tsx": {"path":"C:\\Calidad\\Proyecto final\\src\\views\\GeometryExplorer.tsx","statementMap":{"0":{"start":{"line":4,"column":0},"end":{"line":4,"column":24}},"1":{"start":{"line":1,"column":0},"end":{"line":1,"column":52}},"2":{"start":{"line":2,"column":0},"end":{"line":2,"column":31}},"3":{"start":{"line":5,"column":19},"end":{"line":5,"column":54}},"4":{"start":{"line":6,"column":23},"end":{"line":6,"column":57}},"5":{"start":{"line":7,"column":26},"end":{"line":7,"column":59}},"6":{"start":{"line":8,"column":26},"end":{"line":8,"column":68}},"7":{"start":{"line":9,"column":34},"end":{"line":9,"column":49}},"8":{"start":{"line":12,"column":2},"end":{"line":66,"column":17}},"9":{"start":{"line":13,"column":4},"end":{"line":13,"column":34}},"10":{"start":{"line":13,"column":27},"end":{"line":13,"column":34}},"11":{"start":{"line":16,"column":18},"end":{"line":16,"column":35}},"12":{"start":{"line":17,"column":4},"end":{"line":17,"column":49}},"13":{"start":{"line":20,"column":19},"end":{"line":24,"column":null}},"14":{"start":{"line":26,"column":4},"end":{"line":26,"column":26}},"15":{"start":{"line":29,"column":21},"end":{"line":29,"column":65}},"16":{"start":{"line":30,"column":4},"end":{"line":30,"column":82}},"17":{"start":{"line":31,"column":4},"end":{"line":31,"column":36}},"18":{"start":{"line":32,"column":4},"end":{"line":32,"column":54}},"19":{"start":{"line":35,"column":21},"end":{"line":35,"column":51}},"20":{"start":{"line":36,"column":21},"end":{"line":36,"column":72}},"21":{"start":{"line":37,"column":17},"end":{"line":37,"column":51}},"22":{"start":{"line":38,"column":4},"end":{"line":38,"column":20}},"23":{"start":{"line":41,"column":18},"end":{"line":41,"column":57}},"24":{"start":{"line":42,"column":4},"end":{"line":42,"column":44}},"25":{"start":{"line":43,"column":4},"end":{"line":43,"column":21}},"26":{"start":{"line":46,"column":4},"end":{"line":46,"column":20}},"27":{"start":{"line":47,"column":4},"end":{"line":47,"column":18}},"28":{"start":{"line":48,"column":4},"end":{"line":48,"column":26}},"29":{"start":{"line":51,"column":20},"end":{"line":58,"column":5}},"30":{"start":{"line":52,"column":6},"end":{"line":52,"column":37}},"31":{"start":{"line":53,"column":6},"end":{"line":56,"column":7}},"32":{"start":{"line":54,"column":8},"end":{"line":54,"column":32}},"33":{"start":{"line":55,"column":8},"end":{"line":55,"column":32}},"34":{"start":{"line":57,"column":6},"end":{"line":57,"column":37}},"35":{"start":{"line":59,"column":4},"end":{"line":59,"column":14}},"36":{"start":{"line":62,"column":4},"end":{"line":65,"column":6}},"37":{"start":{"line":63,"column":6},"end":{"line":63,"column":25}},"38":{"start":{"line":64,"column":6},"end":{"line":64,"column":57}},"39":{"start":{"line":69,"column":22},"end":{"line":75,"column":3}},"40":{"start":{"line":70,"column":4},"end":{"line":74,"column":5}},"41":{"start":{"line":71,"column":7},"end":{"line":73,"column":8}},"42":{"start":{"line":78,"column":18},"end":{"line":80,"column":3}},"43":{"start":{"line":79,"column":4},"end":{"line":79,"column":45}},"44":{"start":{"line":79,"column":14},"end":{"line":79,"column":45}},"45":{"start":{"line":82,"column":20},"end":{"line":84,"column":3}},"46":{"start":{"line":83,"column":4},"end":{"line":83,"column":45}},"47":{"start":{"line":83,"column":14},"end":{"line":83,"column":45}},"48":{"start":{"line":86,"column":2},"end":{"line":124,"column":4}},"49":{"start":{"line":99,"column":25},"end":{"line":99,"column":47}}},"fnMap":{"0":{"name":"GeometryExplorer","decl":{"start":{"line":4,"column":24},"end":{"line":4,"column":40}},"loc":{"start":{"line":4,"column":40},"end":{"line":125,"column":1}}},"1":{"name":"(anonymous_10)","decl":{"start":{"line":12,"column":12},"end":{"line":12,"column":15}},"loc":{"start":{"line":12,"column":17},"end":{"line":66,"column":3}}},"2":{"name":"(anonymous_11)","decl":{"start":{"line":51,"column":20},"end":{"line":51,"column":23}},"loc":{"start":{"line":51,"column":25},"end":{"line":58,"column":5}}},"3":{"name":"(anonymous_12)","decl":{"start":{"line":62,"column":11},"end":{"line":62,"column":14}},"loc":{"start":{"line":62,"column":16},"end":{"line":65,"column":5}}},"4":{"name":"(anonymous_13)","decl":{"start":{"line":69,"column":22},"end":{"line":69,"column":25}},"loc":{"start":{"line":69,"column":27},"end":{"line":75,"column":3}}},"5":{"name":"(anonymous_14)","decl":{"start":{"line":78,"column":18},"end":{"line":78,"column":21}},"loc":{"start":{"line":78,"column":23},"end":{"line":80,"column":3}}},"6":{"name":"(anonymous_15)","decl":{"start":{"line":82,"column":20},"end":{"line":82,"column":23}},"loc":{"start":{"line":82,"column":25},"end":{"line":84,"column":3}}},"7":{"name":"(anonymous_16)","decl":{"start":{"line":99,"column":19},"end":{"line":99,"column":22}},"loc":{"start":{"line":99,"column":25},"end":{"line":99,"column":47}}}},"branchMap":{"0":{"loc":{"start":{"line":13,"column":4},"end":{"line":13,"column":34}},"type":"if","locations":[{"start":{"line":13,"column":4},"end":{"line":13,"column":34}},{"start":{},"end":{}}]},"1":{"loc":{"start":{"line":53,"column":6},"end":{"line":56,"column":7}},"type":"if","locations":[{"start":{"line":53,"column":6},"end":{"line":56,"column":7}},{"start":{},"end":{}}]},"2":{"loc":{"start":{"line":53,"column":10},"end":{"line":53,"column":26}},"type":"binary-expr","locations":[{"start":{"line":53,"column":10},"end":{"line":53,"column":18}},{"start":{"line":53,"column":22},"end":{"line":53,"column":26}}]},"3":{"loc":{"start":{"line":70,"column":4},"end":{"line":74,"column":5}},"type":"if","locations":[{"start":{"line":70,"column":4},"end":{"line":74,"column":5}},{"start":{},"end":{}}]},"4":{"loc":{"start":{"line":79,"column":4},"end":{"line":79,"column":45}},"type":"if","locations":[{"start":{"line":79,"column":4},"end":{"line":79,"column":45}},{"start":{},"end":{}}]},"5":{"loc":{"start":{"line":83,"column":4},"end":{"line":83,"column":45}},"type":"if","locations":[{"start":{"line":83,"column":4},"end":{"line":83,"column":45}},{"start":{},"end":{}}]},"6":{"loc":{"start":{"line":102,"column":11},"end":{"line":102,"column":61}},"type":"cond-expr","locations":[{"start":{"line":102,"column":22},"end":{"line":102,"column":40}},{"start":{"line":102,"column":43},"end":{"line":102,"column":61}}]}},"s":{"0":1,"1":1,"2":1,"3":0,"4":0,"5":0,"6":0,"7":0,"8":0,"9":0,"10":0,"11":0,"12":0,"13":0,"14":0,"15":0,"16":0,"17":0,"18":0,"19":0,"20":0,"21":0,"22":0,"23":0,"24":0,"25":0,"26":0,"27":0,"28":0,"29":0,"30":0,"31":0,"32":0,"33":0,"34":0,"35":0,"36":0,"37":0,"38":0,"39":0,"40":0,"41":0,"42":0,"43":0,"44":0,"45":0,"46":0,"47":0,"48":0,"49":0},"f":{"0":0,"1":0,"2":0,"3":0,"4":0,"5":0,"6":0,"7":0},"b":{"0":[0,0],"1":[0,0],"2":[0,0],"3":[0,0],"4":[0,0],"5":[0,0],"6":[0,0]}}
,"C:\\Calidad\\Proyecto final\\src\\views\\HomePage.tsx": {"path":"C:\\Calidad\\Proyecto final\\src\\views\\HomePage.tsx","statementMap":{"0":{"start":{"line":3,"column":0},"end":{"line":3,"column":24}},"1":{"start":{"line":1,"column":0},"end":{"line":1,"column":39}},"2":{"start":{"line":4,"column":2},"end":{"line":40,"column":4}}},"fnMap":{"0":{"name":"HomeContent","decl":{"start":{"line":3,"column":24},"end":{"line":3,"column":35}},"loc":{"start":{"line":3,"column":35},"end":{"line":41,"column":1}}}},"branchMap":{},"s":{"0":1,"1":1,"2":1},"f":{"0":1},"b":{}}
,"C:\\Calidad\\Proyecto final\\src\\views\\LayoutsView.tsx": {"path":"C:\\Calidad\\Proyecto final\\src\\views\\LayoutsView.tsx","statementMap":{"0":{"start":{"line":3,"column":0},"end":{"line":3,"column":24}},"1":{"start":{"line":4,"column":2},"end":{"line":52,"column":4}},"2":{"start":{"line":41,"column":14},"end":{"line":42,"column":null}}},"fnMap":{"0":{"name":"LayoutsView","decl":{"start":{"line":3,"column":24},"end":{"line":3,"column":35}},"loc":{"start":{"line":3,"column":35},"end":{"line":53,"column":1}}},"1":{"name":"(anonymous_1)","decl":{"start":{"line":40,"column":43},"end":{"line":40,"column":44}},"loc":{"start":{"line":41,"column":14},"end":{"line":42,"column":null}}}},"branchMap":{},"s":{"0":1,"1":0,"2":0},"f":{"0":0,"1":0},"b":{}}
,"C:\\Calidad\\Proyecto final\\src\\views\\ListaTareas.tsx": {"path":"C:\\Calidad\\Proyecto final\\src\\views\\ListaTareas.tsx","statementMap":{"0":{"start":{"line":2,"column":0},"end":{"line":2,"column":24}},"1":{"start":{"line":1,"column":0},"end":{"line":1,"column":46}},"2":{"start":{"line":3,"column":2},"end":{"line":12,"column":4}}},"fnMap":{"0":{"name":"ListaTareas","decl":{"start":{"line":2,"column":24},"end":{"line":2,"column":35}},"loc":{"start":{"line":2,"column":35},"end":{"line":13,"column":1}}}},"branchMap":{},"s":{"0":1,"1":1,"2":0},"f":{"0":0},"b":{}}
,"C:\\Calidad\\Proyecto final\\src\\views\\SettingsView.tsx": {"path":"C:\\Calidad\\Proyecto final\\src\\views\\SettingsView.tsx","statementMap":{"0":{"start":{"line":3,"column":0},"end":{"line":3,"column":24}},"1":{"start":{"line":4,"column":2},"end":{"line":13,"column":4}}},"fnMap":{"0":{"name":"SettingsView","decl":{"start":{"line":3,"column":24},"end":{"line":3,"column":36}},"loc":{"start":{"line":3,"column":36},"end":{"line":14,"column":1}}}},"branchMap":{},"s":{"0":1,"1":0},"f":{"0":0},"b":{}}
,"C:\\Calidad\\Proyecto final\\src\\views\\SpeechDemoView.tsx": {"path":"C:\\Calidad\\Proyecto final\\src\\views\\SpeechDemoView.tsx","statementMap":{"0":{"start":{"line":4,"column":0},"end":{"line":4,"column":24}},"1":{"start":{"line":2,"column":0},"end":{"line":2,"column":44}},"2":{"start":{"line":5,"column":30},"end":{"line":5,"column":66}},"3":{"start":{"line":6,"column":44},"end":{"line":6,"column":64}},"4":{"start":{"line":7,"column":26},"end":{"line":7,"column":37}},"5":{"start":{"line":8,"column":28},"end":{"line":8,"column":39}},"6":{"start":{"line":10,"column":16},"end":{"line":10,"column":38}},"7":{"start":{"line":13,"column":2},"end":{"line":33,"column":29}},"8":{"start":{"line":15,"column":24},"end":{"line":15,"column":41}},"9":{"start":{"line":16,"column":24},"end":{"line":17,"column":null}},"10":{"start":{"line":17,"column":8},"end":{"line":17,"column":50}},"11":{"start":{"line":19,"column":21},"end":{"line":19,"column":61}},"12":{"start":{"line":20,"column":6},"end":{"line":20,"column":24}},"13":{"start":{"line":21,"column":6},"end":{"line":23,"column":7}},"14":{"start":{"line":22,"column":8},"end":{"line":22,"column":41}},"15":{"start":{"line":26,"column":4},"end":{"line":26,"column":21}},"16":{"start":{"line":27,"column":4},"end":{"line":27,"column":60}},"17":{"start":{"line":29,"column":4},"end":{"line":32,"column":6}},"18":{"start":{"line":30,"column":6},"end":{"line":30,"column":21}},"19":{"start":{"line":31,"column":6},"end":{"line":31,"column":65}},"20":{"start":{"line":36,"column":16},"end":{"line":46,"column":3}},"21":{"start":{"line":37,"column":4},"end":{"line":37,"column":47}},"22":{"start":{"line":37,"column":40},"end":{"line":37,"column":47}},"23":{"start":{"line":38,"column":4},"end":{"line":38,"column":19}},"24":{"start":{"line":39,"column":14},"end":{"line":39,"column":48}},"25":{"start":{"line":40,"column":4},"end":{"line":40,"column":67}},"26":{"start":{"line":40,"column":33},"end":{"line":40,"column":57}},"27":{"start":{"line":42,"column":4},"end":{"line":42,"column":18}},"28":{"start":{"line":43,"column":4},"end":{"line":43,"column":20}},"29":{"start":{"line":44,"column":4},"end":{"line":44,"column":38}},"30":{"start":{"line":45,"column":4},"end":{"line":45,"column":19}},"31":{"start":{"line":48,"column":19},"end":{"line":52,"column":4}},"32":{"start":{"line":54,"column":2},"end":{"line":141,"column":4}},"33":{"start":{"line":77,"column":31},"end":{"line":77,"column":63}},"34":{"start":{"line":80,"column":16},"end":{"line":80,"column":37}},"35":{"start":{"line":98,"column":31},"end":{"line":98,"column":62}},"36":{"start":{"line":114,"column":31},"end":{"line":114,"column":63}},"37":{"start":{"line":124,"column":10},"end":{"line":125,"column":null}},"38":{"start":{"line":132,"column":29},"end":{"line":132,"column":44}}},"fnMap":{"0":{"name":"SpeechDemoView","decl":{"start":{"line":4,"column":24},"end":{"line":4,"column":38}},"loc":{"start":{"line":4,"column":38},"end":{"line":142,"column":1}}},"1":{"name":"(anonymous_1)","decl":{"start":{"line":13,"column":12},"end":{"line":13,"column":15}},"loc":{"start":{"line":13,"column":17},"end":{"line":33,"column":3}}},"2":{"name":"populateVoices","decl":{"start":{"line":14,"column":13},"end":{"line":14,"column":27}},"loc":{"start":{"line":14,"column":27},"end":{"line":24,"column":5}}},"3":{"name":"(anonymous_3)","decl":{"start":{"line":16,"column":41},"end":{"line":16,"column":42}},"loc":{"start":{"line":17,"column":8},"end":{"line":17,"column":50}}},"4":{"name":"(anonymous_4)","decl":{"start":{"line":29,"column":11},"end":{"line":29,"column":14}},"loc":{"start":{"line":29,"column":16},"end":{"line":32,"column":5}}},"5":{"name":"(anonymous_5)","decl":{"start":{"line":36,"column":16},"end":{"line":36,"column":17}},"loc":{"start":{"line":36,"column":33},"end":{"line":46,"column":3}}},"6":{"name":"(anonymous_6)","decl":{"start":{"line":40,"column":26},"end":{"line":40,"column":27}},"loc":{"start":{"line":40,"column":33},"end":{"line":40,"column":57}}},"7":{"name":"(anonymous_7)","decl":{"start":{"line":77,"column":24},"end":{"line":77,"column":25}},"loc":{"start":{"line":77,"column":31},"end":{"line":77,"column":63}}},"8":{"name":"(anonymous_8)","decl":{"start":{"line":79,"column":26},"end":{"line":79,"column":27}},"loc":{"start":{"line":80,"column":16},"end":{"line":80,"column":37}}},"9":{"name":"(anonymous_9)","decl":{"start":{"line":98,"column":24},"end":{"line":98,"column":25}},"loc":{"start":{"line":98,"column":31},"end":{"line":98,"column":62}}},"10":{"name":"(anonymous_10)","decl":{"start":{"line":114,"column":24},"end":{"line":114,"column":25}},"loc":{"start":{"line":114,"column":31},"end":{"line":114,"column":63}}},"11":{"name":"(anonymous_11)","decl":{"start":{"line":123,"column":22},"end":{"line":123,"column":23}},"loc":{"start":{"line":124,"column":10},"end":{"line":125,"column":null}}},"12":{"name":"(anonymous_12)","decl":{"start":{"line":132,"column":23},"end":{"line":132,"column":26}},"loc":{"start":{"line":132,"column":29},"end":{"line":132,"column":44}}}},"branchMap":{"0":{"loc":{"start":{"line":19,"column":21},"end":{"line":19,"column":61}},"type":"cond-expr","locations":[{"start":{"line":19,"column":40},"end":{"line":19,"column":49}},{"start":{"line":19,"column":52},"end":{"line":19,"column":61}}]},"1":{"loc":{"start":{"line":21,"column":6},"end":{"line":23,"column":7}},"type":"if","locations":[{"start":{"line":21,"column":6},"end":{"line":23,"column":7}},{"start":{},"end":{}}]},"2":{"loc":{"start":{"line":21,"column":10},"end":{"line":21,"column":41}},"type":"binary-expr","locations":[{"start":{"line":21,"column":10},"end":{"line":21,"column":23}},{"start":{"line":21,"column":27},"end":{"line":21,"column":41}}]},"3":{"loc":{"start":{"line":37,"column":4},"end":{"line":37,"column":47}},"type":"if","locations":[{"start":{"line":37,"column":4},"end":{"line":37,"column":47}},{"start":{},"end":{}}]},"4":{"loc":{"start":{"line":40,"column":14},"end":{"line":40,"column":66}},"type":"binary-expr","locations":[{"start":{"line":40,"column":14},"end":{"line":40,"column":58}},{"start":{"line":40,"column":62},"end":{"line":40,"column":66}}]},"5":{"loc":{"start":{"line":44,"column":13},"end":{"line":44,"column":37}},"type":"binary-expr","locations":[{"start":{"line":44,"column":13},"end":{"line":44,"column":26}},{"start":{"line":44,"column":30},"end":{"line":44,"column":37}}]}},"s":{"0":1,"1":1,"2":0,"3":0,"4":0,"5":0,"6":0,"7":0,"8":0,"9":0,"10":0,"11":0,"12":0,"13":0,"14":0,"15":0,"16":0,"17":0,"18":0,"19":0,"20":0,"21":0,"22":0,"23":0,"24":0,"25":0,"26":0,"27":0,"28":0,"29":0,"30":0,"31":0,"32":0,"33":0,"34":0,"35":0,"36":0,"37":0,"38":0},"f":{"0":0,"1":0,"2":0,"3":0,"4":0,"5":0,"6":0,"7":0,"8":0,"9":0,"10":0,"11":0,"12":0},"b":{"0":[0,0],"1":[0,0],"2":[0,0],"3":[0,0],"4":[0,0],"5":[0,0]}}
,"C:\\Calidad\\Proyecto final\\src\\views\\TablasMul.tsx": {"path":"C:\\Calidad\\Proyecto final\\src\\views\\TablasMul.tsx","statementMap":{"0":{"start":{"line":3,"column":0},"end":{"line":3,"column":24}},"1":{"start":{"line":2,"column":0},"end":{"line":2,"column":68}},"2":{"start":{"line":4,"column":2},"end":{"line":12,"column":4}}},"fnMap":{"0":{"name":"TablasMul","decl":{"start":{"line":3,"column":24},"end":{"line":3,"column":33}},"loc":{"start":{"line":3,"column":33},"end":{"line":13,"column":1}}}},"branchMap":{},"s":{"0":1,"1":1,"2":0},"f":{"0":0},"b":{}}
,"C:\\Calidad\\Proyecto final\\src\\views\\ThreeDemoView.tsx": {"path":"C:\\Calidad\\Proyecto final\\src\\views\\ThreeDemoView.tsx","statementMap":{"0":{"start":{"line":5,"column":0},"end":{"line":5,"column":24}},"1":{"start":{"line":2,"column":0},"end":{"line":2,"column":42}},"2":{"start":{"line":3,"column":0},"end":{"line":3,"column":31}},"3":{"start":{"line":6,"column":19},"end":{"line":6,"column":54}},"4":{"start":{"line":7,"column":18},"end":{"line":7,"column":49}},"5":{"start":{"line":9,"column":2},"end":{"line":75,"column":9}},"6":{"start":{"line":10,"column":4},"end":{"line":10,"column":34}},"7":{"start":{"line":10,"column":27},"end":{"line":10,"column":34}},"8":{"start":{"line":12,"column":18},"end":{"line":12,"column":34}},"9":{"start":{"line":15,"column":21},"end":{"line":15,"column":65}},"10":{"start":{"line":16,"column":4},"end":{"line":16,"column":65}},"11":{"start":{"line":17,"column":4},"end":{"line":17,"column":60}},"12":{"start":{"line":18,"column":4},"end":{"line":18,"column":40}},"13":{"start":{"line":19,"column":4},"end":{"line":19,"column":43}},"14":{"start":{"line":22,"column":18},"end":{"line":22,"column":35}},"15":{"start":{"line":23,"column":19},"end":{"line":27,"column":null}},"16":{"start":{"line":29,"column":4},"end":{"line":29,"column":39}},"17":{"start":{"line":30,"column":4},"end":{"line":30,"column":27}},"18":{"start":{"line":33,"column":4},"end":{"line":33,"column":53}},"19":{"start":{"line":34,"column":16},"end":{"line":34,"column":57}},"20":{"start":{"line":35,"column":4},"end":{"line":35,"column":30}},"21":{"start":{"line":36,"column":4},"end":{"line":36,"column":19}},"22":{"start":{"line":39,"column":21},"end":{"line":39,"column":51}},"23":{"start":{"line":40,"column":21},"end":{"line":40,"column":72}},"24":{"start":{"line":41,"column":17},"end":{"line":41,"column":51}},"25":{"start":{"line":42,"column":4},"end":{"line":42,"column":26}},"26":{"start":{"line":43,"column":4},"end":{"line":43,"column":27}},"27":{"start":{"line":44,"column":4},"end":{"line":44,"column":20}},"28":{"start":{"line":47,"column":18},"end":{"line":47,"column":22}},"29":{"start":{"line":48,"column":20},"end":{"line":54,"column":5}},"30":{"start":{"line":49,"column":6},"end":{"line":49,"column":27}},"31":{"start":{"line":49,"column":20},"end":{"line":49,"column":27}},"32":{"start":{"line":50,"column":6},"end":{"line":50,"column":30}},"33":{"start":{"line":51,"column":6},"end":{"line":51,"column":31}},"34":{"start":{"line":52,"column":6},"end":{"line":52,"column":37}},"35":{"start":{"line":53,"column":6},"end":{"line":53,"column":37}},"36":{"start":{"line":55,"column":4},"end":{"line":55,"column":14}},"37":{"start":{"line":58,"column":21},"end":{"line":64,"column":5}},"38":{"start":{"line":59,"column":16},"end":{"line":59,"column":33}},"39":{"start":{"line":60,"column":16},"end":{"line":60,"column":34}},"40":{"start":{"line":61,"column":6},"end":{"line":61,"column":29}},"41":{"start":{"line":62,"column":6},"end":{"line":62,"column":28}},"42":{"start":{"line":63,"column":6},"end":{"line":63,"column":38}},"43":{"start":{"line":65,"column":15},"end":{"line":65,"column":43}},"44":{"start":{"line":66,"column":4},"end":{"line":66,"column":22}},"45":{"start":{"line":69,"column":4},"end":{"line":74,"column":6}},"46":{"start":{"line":70,"column":6},"end":{"line":70,"column":22}},"47":{"start":{"line":71,"column":6},"end":{"line":71,"column":25}},"48":{"start":{"line":72,"column":6},"end":{"line":72,"column":22}},"49":{"start":{"line":73,"column":6},"end":{"line":73,"column":45}},"50":{"start":{"line":77,"column":19},"end":{"line":80,"column":3}},"51":{"start":{"line":78,"column":4},"end":{"line":79,"column":81}},"52":{"start":{"line":82,"column":25},"end":{"line":86,"column":3}},"53":{"start":{"line":83,"column":18},"end":{"line":83,"column":78}},"54":{"start":{"line":84,"column":4},"end":{"line":85,"column":80}},"55":{"start":{"line":88,"column":2},"end":{"line":125,"column":4}},"56":{"start":{"line":93,"column":25},"end":{"line":93,"column":43}},"57":{"start":{"line":99,"column":25},"end":{"line":99,"column":43}},"58":{"start":{"line":105,"column":25},"end":{"line":105,"column":43}}},"fnMap":{"0":{"name":"ThreeDemoView","decl":{"start":{"line":5,"column":24},"end":{"line":5,"column":37}},"loc":{"start":{"line":5,"column":37},"end":{"line":126,"column":1}}},"1":{"name":"(anonymous_10)","decl":{"start":{"line":9,"column":12},"end":{"line":9,"column":15}},"loc":{"start":{"line":9,"column":17},"end":{"line":75,"column":3}}},"2":{"name":"(anonymous_11)","decl":{"start":{"line":48,"column":20},"end":{"line":48,"column":23}},"loc":{"start":{"line":48,"column":25},"end":{"line":54,"column":5}}},"3":{"name":"(anonymous_12)","decl":{"start":{"line":58,"column":21},"end":{"line":58,"column":24}},"loc":{"start":{"line":58,"column":26},"end":{"line":64,"column":5}}},"4":{"name":"(anonymous_13)","decl":{"start":{"line":69,"column":11},"end":{"line":69,"column":14}},"loc":{"start":{"line":69,"column":16},"end":{"line":74,"column":5}}},"5":{"name":"(anonymous_14)","decl":{"start":{"line":77,"column":19},"end":{"line":77,"column":20}},"loc":{"start":{"line":77,"column":35},"end":{"line":80,"column":3}}},"6":{"name":"(anonymous_15)","decl":{"start":{"line":82,"column":25},"end":{"line":82,"column":28}},"loc":{"start":{"line":82,"column":30},"end":{"line":86,"column":3}}},"7":{"name":"(anonymous_16)","decl":{"start":{"line":93,"column":19},"end":{"line":93,"column":22}},"loc":{"start":{"line":93,"column":25},"end":{"line":93,"column":43}}},"8":{"name":"(anonymous_17)","decl":{"start":{"line":99,"column":19},"end":{"line":99,"column":22}},"loc":{"start":{"line":99,"column":25},"end":{"line":99,"column":43}}},"9":{"name":"(anonymous_18)","decl":{"start":{"line":105,"column":19},"end":{"line":105,"column":22}},"loc":{"start":{"line":105,"column":25},"end":{"line":105,"column":43}}}},"branchMap":{"0":{"loc":{"start":{"line":10,"column":4},"end":{"line":10,"column":34}},"type":"if","locations":[{"start":{"line":10,"column":4},"end":{"line":10,"column":34}},{"start":{},"end":{}}]},"1":{"loc":{"start":{"line":49,"column":6},"end":{"line":49,"column":27}},"type":"if","locations":[{"start":{"line":49,"column":6},"end":{"line":49,"column":27}},{"start":{},"end":{}}]},"2":{"loc":{"start":{"line":78,"column":4},"end":{"line":79,"column":80}},"type":"binary-expr","locations":[{"start":{"line":78,"column":4},"end":{"line":78,"column":29}},{"start":{"line":79,"column":7},"end":{"line":79,"column":80}}]},"3":{"loc":{"start":{"line":84,"column":4},"end":{"line":85,"column":79}},"type":"binary-expr","locations":[{"start":{"line":84,"column":4},"end":{"line":84,"column":29}},{"start":{"line":85,"column":7},"end":{"line":85,"column":79}}]}},"s":{"0":1,"1":1,"2":1,"3":0,"4":0,"5":0,"6":0,"7":0,"8":0,"9":0,"10":0,"11":0,"12":0,"13":0,"14":0,"15":0,"16":0,"17":0,"18":0,"19":0,"20":0,"21":0,"22":0,"23":0,"24":0,"25":0,"26":0,"27":0,"28":0,"29":0,"30":0,"31":0,"32":0,"33":0,"34":0,"35":0,"36":0,"37":0,"38":0,"39":0,"40":0,"41":0,"42":0,"43":0,"44":0,"45":0,"46":0,"47":0,"48":0,"49":0,"50":0,"51":0,"52":0,"53":0,"54":0,"55":0,"56":0,"57":0,"58":0},"f":{"0":0,"1":0,"2":0,"3":0,"4":0,"5":0,"6":0,"7":0,"8":0,"9":0},"b":{"0":[0,0],"1":[0,0],"2":[0,0],"3":[0,0]}}
,"C:\\Calidad\\Proyecto final\\src\\views\\ValidContrasena.tsx": {"path":"C:\\Calidad\\Proyecto final\\src\\views\\ValidContrasena.tsx","statementMap":{"0":{"start":{"line":2,"column":0},"end":{"line":2,"column":24}},"1":{"start":{"line":1,"column":0},"end":{"line":1,"column":64}},"2":{"start":{"line":3,"column":2},"end":{"line":14,"column":4}}},"fnMap":{"0":{"name":"ValidContrasena","decl":{"start":{"line":2,"column":24},"end":{"line":2,"column":39}},"loc":{"start":{"line":2,"column":39},"end":{"line":15,"column":1}}}},"branchMap":{},"s":{"0":1,"1":1,"2":0},"f":{"0":0},"b":{}}
}
